make all --print-data-base --no-builtin-variables --no-builtin-rules --question
# GNU Make 3.81
# Copyright (C) 2006  Free Software Foundation, Inc.
# This is free software; see the source for copying conditions.
# There is NO warranty; not even for MERCHANTABILITY or FITNESS FOR A
# PARTICULAR PURPOSE.

# This program built for i386-apple-darwin11.3.0

# Make data base, printed on Mon Feb 28 13:44:34 2022

# Variables

# makefile (from `Makefile', line 5)
UTLS = srcs/utils.c
# automatic
<D = $(patsubst %/,%,$(dir $<))
# automatic
?F = $(notdir $?)
# environment
VSCODE_LOG_NATIVE = false
# makefile (from `Makefile', line 11)
BSRV = bonus/server_bonus.c
# automatic
?D = $(patsubst %/,%,$(dir $?))
# automatic
@D = $(patsubst %/,%,$(dir $@))
# automatic
@F = $(notdir $@)
# makefile
CURDIR := /Users/osallak/Desktop/Mini-Talk
# makefile
SHELL = /bin/sh
# makefile (from `Makefile', line 3)
RM = @rm -f 
# environment
VSCODE_NLS_CONFIG = {"locale":"en-us","availableLanguages":{},"_languagePackSupport":true}
# environment
_ = /usr/bin/make
# makefile (from `Makefile', line 2)
CFLAGS = -Wall -Wextra -Werror
# makefile (from `Makefile', line 1)
MAKEFILE_LIST :=  Makefile
# makefile (from `Makefile', line 4)
BSRCS = bonus/client_bonus.c bonus/server_bonus.c
# environment
VSCODE_VERBOSE_LOGGING = true
# environment
VSCODE_IPC_HOOK_EXTHOST = /var/folders/zz/zyxvpxvq6csfxvn_n000cd14003389/T/vscode-ipc-00e596ae-99f4-4880-80ba-b223be2b1c30.sock
# environment
VSCODE_CWD = /Users/osallak/Desktop/Mini-Talk
# environment
Apple_PubSub_Socket_Render = /private/tmp/com.apple.launchd.yJyDanIkZS/Render
# environment
PATH = /Users/osallak/goinfre/.brew/bin:/Users/osallak/.brew/bin:/usr/local/bin:/usr/bin:/bin:/usr/sbin:/sbin:/usr/local/munki
# makefile (from `Makefile', line 8)
CLT = mandatory/client.c
# environment
LSCOLORS = Gxfxcxdxbxegedabagacad
# environment
VSCODE_LOG_STACK = false
# environment
ELECTRON_RUN_AS_NODE = 1
# default
.FEATURES := target-specific order-only second-expansion else-if archives jobserver check-symlink
# environment
SSH_AUTH_SOCK = /private/tmp/com.apple.launchd.E9j2blu6B6/Listeners
# automatic
%F = $(notdir $%)
# environment
HOMEBREW_TEMP = /tmp/osallak/Homebrew/Temp
# environment
VSCODE_PIPE_LOGGING = true
# environment
PWD = /Users/osallak/Desktop/Mini-Talk
# makefile (from `Makefile', line 7)
B_srv = server_bonus
# environment
ORIGINAL_XDG_CURRENT_DESKTOP = undefined
# environment
VSCODE_AMD_ENTRYPOINT = vs/workbench/services/extensions/node/extensionHostProcess
# environment
HOME = /Users/osallak
# default
MAKEFILEPATH := /Applications/Xcode.app/Contents/Developer/Makefiles
# environment
VSCODE_CODE_CACHE_PATH = /Users/osallak/Library/Application Support/Code/CachedData/ccbaa2d27e38e5afa3e5c21c1c7bef4657064247
# environment
LOGNAME = osallak
# environment
APPLICATION_INSIGHTS_NO_DIAGNOSTIC_CHANNEL = true
# environment
ZSH = /Users/osallak/.oh-my-zsh
# environment
VSCODE_HANDLES_UNCAUGHT_ERRORS = true
# makefile (from `Makefile', line 9)
SRV = mandatory/server.c
# automatic
^D = $(patsubst %/,%,$(dir $^))
# makefile (from `Makefile', line 6)
B_clt = client_bonus
# environment
XPC_FLAGS = 0x0
# environment
COLORTERM = truecolor
# default
MAKE = $(MAKE_COMMAND)
# environment
LC_TERMINAL = iTerm2
# environment
HOMEBREW_CACHE = /tmp/osallak/Homebrew/Caches
# environment
SHLVL = 2
# environment
FIG_TERM = 1
# makefile (from `Makefile', line 1)
CC = cc
# default
MAKE_VERSION := 3.81
# environment
USER = osallak
# environment
FIG_TERM_VERSION = 3
# default
MAKECMDGOALS := all
# environment
TERM_SESSION_ID = w0t0p0:B446741C-0A5D-4B13-AAC7-EC806C1050AF
# environment
LESS = -R
# automatic
%D = $(patsubst %/,%,$(dir $%))
# environment
FIG_INTEGRATION_VERSION = 5
# default
MAKE_COMMAND := /Applications/Xcode.app/Contents/Developer/usr/bin/make
# environment
TERM_PROGRAM = iTerm.app
# default
.VARIABLES := 
# environment
TMPDIR = /var/folders/zz/zyxvpxvq6csfxvn_n000cd14003389/T/
# automatic
*F = $(notdir $*)
# environment
VSCODE_IPC_HOOK = /Users/osallak/Library/Application Support/Code/1.62.3-main.sock
# makefile
MAKEFLAGS = Rrqp
# environment
MFLAGS = -Rrqp
# automatic
*D = $(patsubst %/,%,$(dir $*))
# environment
TERM_PROGRAM_VERSION = 3.4.13
# environment
XPC_SERVICE_NAME = 0
# environment
LC_TERMINAL_VERSION = 3.4.13
# automatic
+D = $(patsubst %/,%,$(dir $+))
# automatic
+F = $(notdir $+)
# environment
ITERM_SESSION_ID = w0t0p0:B446741C-0A5D-4B13-AAC7-EC806C1050AF
# environment
COLORFGBG = 7;0
# makefile (from `Makefile', line 10)
BCLT = bonus/client_bonus.c
# environment
__CF_USER_TEXT_ENCODING = 0x18D09:0x0:0x0
# environment
COMMAND_MODE = unix2003
# default
MAKEFILES := 
# environment
HOMEBREW_NO_AUTO_UPDATE = 1
# automatic
<F = $(notdir $<)
# environment
ITERM_PROFILE = Default
# environment
PAGER = less
# environment
LC_ALL = C
# environment
SECURITYSESSIONID = 186a7
# automatic
^F = $(notdir $^)
# default
SUFFIXES := 
# default
.INCLUDE_DIRS = /usr/local/include
# environment
MAKELEVEL := 0
# makefile
.DEFAULT_GOAL := all
# environment
LANG = C
# environment
TERM = xterm-256color
# environment
VSCODE_PID = 43096
# variable set hash-table stats:
# Load=94/1024=9%, Rehash=0, Collisions=8/131=6%

# Pattern-specific Variable Values

# No pattern-specific variable values.

# Directories

# . (device 16777227, inode 4040280): 9 files, no impossibilities.

# 9 files, no impossibilities in 1 directories.

# Implicit Rules

# No implicit rules.

# Files

server_bonus: bonus/client_bonus.c bonus/server_bonus.c
#  Implicit rule search has not been done.
#  Modification time never checked.
#  File has not been updated.
#  commands to execute (from `Makefile', line 33):
	@$(CC) $(CFLAGS) -o $(B_clt) $(BCLT) $(UTLS)
	@$(CC) $(CFLAGS) -o $(B_srv) $(BSRV) $(UTLS)
	

# Not a target:
bonus/server_bonus.c:
#  Implicit rule search has not been done.
#  Modification time never checked.
#  File has not been updated.

# Not a target:
mandatory/server.c:
#  Implicit rule search has not been done.
#  Modification time never checked.
#  File has not been updated.

all: client server
#  Command-line target.
#  Implicit rule search has not been done.
#  File does not exist.
#  File has been updated.
#  Needs to be updated (-q is set).
# variable set hash-table stats:
# Load=0/32=0%, Rehash=0, Collisions=0/6=0%
#  commands to execute (from `Makefile', line 14):
	@echo "███╗░░░███╗██╗███╗░░██╗██╗  ████████╗░█████╗░██╗░░░░░██╗░░██╗"
	@echo "████╗░████║██║████╗░██║██║  ╚══██╔══╝██╔══██╗██║░░░░░██║░██╔╝"
	@echo "██╔████╔██║██║██╔██╗██║██║  ░░░██║░░░███████║██║░░░░░█████═╝░"
	@echo "██║╚██╔╝██║██║██║╚████║██║  ░░░██║░░░██╔══██║██║░░░░░██╔═██╗░"
	@echo "██║░╚═╝░██║██║██║░╚███║██║  ░░░██║░░░██║░░██║███████╗██║░╚██╗"
	@echo "╚═╝░░░░░╚═╝╚═╝╚═╝░░╚══╝╚═╝  ░░░╚═╝░░░╚═╝░░╚═╝╚══════╝╚═╝░░╚═╝"
	

client: mandatory/client.c
#  Implicit rule search has not been done.
#  Implicit/static pattern stem: `'
#  File does not exist.
#  File has been updated.
#  Needs to be updated (-q is set).
# automatic
# @ := client
# automatic
# % := 
# automatic
# * := 
# automatic
# + := mandatory/client.c
# automatic
# | := 
# automatic
# < := mandatory/client.c
# automatic
# ^ := mandatory/client.c
# automatic
# ? := mandatory/client.c
# variable set hash-table stats:
# Load=8/32=25%, Rehash=0, Collisions=1/15=7%
#  commands to execute (from `Makefile', line 22):
	@$(CC) $(CFLAGS) $(CLT) $(UTLS) -o $@
	

# Not a target:
.SUFFIXES:
#  Implicit rule search has not been done.
#  Modification time never checked.
#  File has not been updated.

 
# Not a target:
Makefile:
#  Implicit rule search has been done.
#  Last modified 2022-02-28 13:44:21
#  File has been updated.
#  Successfully updated.
# variable set hash-table stats:
# Load=0/32=0%, Rehash=0, Collisions=0/0=0%

server: mandatory/server.c
#  Implicit rule search has not been done.
#  Modification time never checked.
#  File has not been updated.
#  commands to execute (from `Makefile', line 25):
	@$(CC) $(CFLAGS)  -o $@ $(SRV) $(UTLS)
	

bonus: client_bonus server_bonus
#  Implicit rule search has not been done.
#  Modification time never checked.
#  File has not been updated.
#  commands to execute (from `Makefile', line 30):
	@echo "Bonus created"
	

# Not a target:
.DEFAULT:
#  Implicit rule search has not been done.
#  Modification time never checked.
#  File has not been updated.

re: clean all bonus
#  Implicit rule search has not been done.
#  Modification time never checked.
#  File has not been updated.

clean:
#  Implicit rule search has not been done.
#  Modification time never checked.
#  File has not been updated.
#  commands to execute (from `Makefile', line 36):
	@$(RM) client server client_bonus server_bonus
	@echo "cleaned successfully"
	

client_bonus: bonus/client_bonus.c bonus/server_bonus.c
#  Implicit rule search has not been done.
#  Modification time never checked.
#  File has not been updated.
#  commands to execute (from `Makefile', line 33):
	@$(CC) $(CFLAGS) -o $(B_clt) $(BCLT) $(UTLS)
	@$(CC) $(CFLAGS) -o $(B_srv) $(BSRV) $(UTLS)
	

# Not a target:
bonus/client_bonus.c:
#  Implicit rule search has not been done.
#  Modification time never checked.
#  File has not been updated.

# Not a target:
mandatory/client.c:
#  Implicit rule search has been done.
#  Last modified 2022-02-28 13:44:21
#  File has been updated.
#  Successfully updated.
# variable set hash-table stats:
# Load=0/32=0%, Rehash=0, Collisions=0/0=0%

# files hash-table stats:
# Load=15/1024=1%, Rehash=0, Collisions=0/42=0%
# VPATH Search Paths

# No `vpath' search paths.

# No general (`VPATH' variable) search path.

# # of strings in strcache: 1
# # of strcache buffers: 1
# strcache size: total = 4096 / max = 4096 / min = 4096 / avg = 4096
# strcache free: total = 4087 / max = 4087 / min = 4087 / avg = 4087

# Finished Make data base on Mon Feb 28 13:44:34 2022

 
